-----------------------
Futurize Tests Starting
-----------------------

Python Environment Setup Start


Python Environment Setup Complete


Running on local files in glideinwms subdirectory (LOCAL)


Now running test

find: './unittests/fixtures/factory/condor/condor-8.6.5-x86_64_RedHat6-stripped/sbin/condor_master': No such file or directory
find: './unittests/fixtures/factory/condor/condor-8.6.5-x86_64_RedHat6-stripped/sbin/condor_startd': No such file or directory
find: './unittests/fixtures/factory/condor/condor-8.6.5-x86_64_RedHat6-stripped/sbin/condor_starter': No such file or directory
find: './unittests/fixtures/factory/log/client/.gitkeep': No such file or directory
find: './unittests/fixtures/factory/log/server/.gitkeep': No such file or directory
find: './unittests/fixtures/factory/stage/after_file_list.ia5eiy.lst': No such file or directory
find: './unittests/fixtures/factory/stage/condor_vars.ia5eiy.lst': No such file or directory
find: './unittests/fixtures/factory/stage/constants.ia5eiy.cfg': No such file or directory
find: './unittests/fixtures/factory/stage/description.ia5eiy.cfg': No such file or directory
find: './unittests/fixtures/factory/stage/file_list.ia5eiy.lst': No such file or directory
find: './unittests/fixtures/factory/stage/grid-mapfile.ia5eiy': No such file or directory
find: './unittests/fixtures/factory/stage/signature.ia5eiy.sha1': No such file or directory
find: './unittests/fixtures/factory/stage/untar.ia5eiy.cfg': No such file or directory
find: './unittests/fixtures/factory/web-area/monitor/monitor.xml': No such file or directory
find: './unittests/fixtures/factory/web-area/stage/after_file_list.ia5eiy.lst': No such file or directory
find: './unittests/fixtures/factory/web-area/stage/condor_vars.ia5eiy.lst': No such file or directory
find: './unittests/fixtures/factory/web-area/stage/constants.ia5eiy.cfg': No such file or directory
find: './unittests/fixtures/factory/web-area/stage/description.ia5eiy.cfg': No such file or directory
find: './unittests/fixtures/factory/web-area/stage/entry_TEST_ENTRY/condor_vars.ia5eiy.lst': No such file or directory
find: './unittests/fixtures/factory/web-area/stage/entry_TEST_ENTRY/constants.ia5eiy.cfg': No such file or directory
find: './unittests/fixtures/factory/web-area/stage/entry_TEST_ENTRY/description.ia5eiy.cfg': No such file or directory
find: './unittests/fixtures/factory/web-area/stage/entry_TEST_ENTRY/file_list.ia5eiy.lst': No such file or directory
find: './unittests/fixtures/factory/web-area/stage/entry_TEST_ENTRY/signature.ia5eiy.sha1': No such file or directory
find: './unittests/fixtures/factory/web-area/stage/entry_TEST_ENTRY/untar.ia5eiy.cfg': No such file or directory
find: './unittests/fixtures/factory/web-area/stage/entry_TEST_SITE_1/condor_vars.ia5eiy.lst': No such file or directory
find: './unittests/fixtures/factory/web-area/stage/entry_TEST_SITE_1/constants.ia5eiy.cfg': No such file or directory
find: './unittests/fixtures/factory/web-area/stage/entry_TEST_SITE_1/description.ia5eiy.cfg': No such file or directory
find: './unittests/fixtures/factory/web-area/stage/entry_TEST_SITE_1/file_list.ia5eiy.lst': No such file or directory
find: './unittests/fixtures/factory/web-area/stage/entry_TEST_SITE_1/signature.ia5eiy.sha1': No such file or directory
find: './unittests/fixtures/factory/web-area/stage/entry_TEST_SITE_1/untar.ia5eiy.cfg': No such file or directory
find: './unittests/fixtures/factory/web-area/stage/entry_TEST_SITE_2/condor_vars.ia5eiy.lst': No such file or directory
find: './unittests/fixtures/factory/web-area/stage/entry_TEST_SITE_2/constants.ia5eiy.cfg': No such file or directory
find: './unittests/fixtures/factory/web-area/stage/entry_TEST_SITE_2/description.ia5eiy.cfg': No such file or directory
find: './unittests/fixtures/factory/web-area/stage/entry_TEST_SITE_2/file_list.ia5eiy.lst': No such file or directory
find: './unittests/fixtures/factory/web-area/stage/entry_TEST_SITE_2/signature.ia5eiy.sha1': No such file or directory
find: './unittests/fixtures/factory/web-area/stage/entry_TEST_SITE_2/untar.ia5eiy.cfg': No such file or directory
find: './unittests/fixtures/factory/web-area/stage/entry_TEST_SITE_3/condor_vars.ia5eiy.lst': No such file or directory
find: './unittests/fixtures/factory/web-area/stage/entry_TEST_SITE_3/constants.ia5eiy.cfg': No such file or directory
find: './unittests/fixtures/factory/web-area/stage/entry_TEST_SITE_3/description.ia5eiy.cfg': No such file or directory
find: './unittests/fixtures/factory/web-area/stage/entry_TEST_SITE_3/file_list.ia5eiy.lst': No such file or directory
find: './unittests/fixtures/factory/web-area/stage/entry_TEST_SITE_3/signature.ia5eiy.sha1': No such file or directory
find: './unittests/fixtures/factory/web-area/stage/entry_TEST_SITE_3/untar.ia5eiy.cfg': No such file or directory
find: './unittests/fixtures/factory/web-area/stage/entry_TEST_SITE_4/condor_vars.ia5eiy.lst': No such file or directory
find: './unittests/fixtures/factory/web-area/stage/entry_TEST_SITE_4/constants.ia5eiy.cfg': No such file or directory
find: './unittests/fixtures/factory/web-area/stage/entry_TEST_SITE_4/description.ia5eiy.cfg': No such file or directory
find: './unittests/fixtures/factory/web-area/stage/entry_TEST_SITE_4/file_list.ia5eiy.lst': No such file or directory
find: './unittests/fixtures/factory/web-area/stage/entry_TEST_SITE_4/signature.ia5eiy.sha1': No such file or directory
find: './unittests/fixtures/factory/web-area/stage/entry_TEST_SITE_4/untar.ia5eiy.cfg': No such file or directory
find: './unittests/fixtures/factory/web-area/stage/entry_TEST_SITE_HTCCE_2/condor_vars.ia5eiy.lst': No such file or directory
find: './unittests/fixtures/factory/web-area/stage/entry_TEST_SITE_HTCCE_2/constants.ia5eiy.cfg': No such file or directory
find: './unittests/fixtures/factory/web-area/stage/entry_TEST_SITE_HTCCE_2/description.ia5eiy.cfg': No such file or directory
find: './unittests/fixtures/factory/web-area/stage/entry_TEST_SITE_HTCCE_2/file_list.ia5eiy.lst': No such file or directory
find: './unittests/fixtures/factory/web-area/stage/entry_TEST_SITE_HTCCE_2/signature.ia5eiy.sha1': No such file or directory
find: './unittests/fixtures/factory/web-area/stage/entry_TEST_SITE_HTCCE_2/untar.ia5eiy.cfg': No such file or directory
find: './unittests/fixtures/factory/web-area/stage/entry_TEST_SITE_HTCCE_5/condor_vars.ia5eiy.lst': No such file or directory
find: './unittests/fixtures/factory/web-area/stage/entry_TEST_SITE_HTCCE_5/constants.ia5eiy.cfg': No such file or directory
find: './unittests/fixtures/factory/web-area/stage/entry_TEST_SITE_HTCCE_5/description.ia5eiy.cfg': No such file or directory
find: './unittests/fixtures/factory/web-area/stage/entry_TEST_SITE_HTCCE_5/file_list.ia5eiy.lst': No such file or directory
find: './unittests/fixtures/factory/web-area/stage/entry_TEST_SITE_HTCCE_5/signature.ia5eiy.sha1': No such file or directory
find: './unittests/fixtures/factory/web-area/stage/entry_TEST_SITE_HTCCE_5/untar.ia5eiy.cfg': No such file or directory
find: './unittests/fixtures/factory/web-area/stage/file_list.ia5eiy.lst': No such file or directory
find: './unittests/fixtures/factory/web-area/stage/grid-mapfile.ia5eiy': No such file or directory
find: './unittests/fixtures/factory/web-area/stage/signature.ia5eiy.sha1': No such file or directory
find: './unittests/fixtures/factory/web-area/stage/untar.ia5eiy.cfg': No such file or directory
find: './unittests/fixtures/frontend/ccvd.fixture': No such file or directory
find: './unittests/fixtures/frontend/pipe_out.do_match': No such file or directory
find: './unittests/fixtures/frontend/pipe_out.iterate_one': No such file or directory
find: './unittests/fixtures/frontend/vofrontend/frontend.condor_config': No such file or directory
find: './unittests/fixtures/frontend/vofrontend/signatures.sha1': No such file or directory
find: './unittests/fixtures/frontend/web-area/stage/description.e98f4o.cfg': No such file or directory
find: './unittests/fixtures/frontend/web-area/stage/file_list.j4j7WK.lst': No such file or directory
find: './unittests/fixtures/frontend/web-area/stage/group_group1/description.e98f4o.cfg': No such file or directory
find: './unittests/fixtures/frontend/web-area/stage/group_group1/nodes.blacklist': No such file or directory
find: './unittests/fixtures/frontend/web-area/stage/group_group1/signature.j4j84x.sha1': No such file or directory
find: './unittests/fixtures/frontend/web-area/stage/nodes.blacklist': No such file or directory
find: './unittests/fixtures/frontend/web-area/stage/signature.j4j84x.sha1': No such file or directory
find: './unittests/fixtures/frontend/web-base/advertise_failure.helper': No such file or directory
find: './unittests/fixtures/frontend/web-base/cat_consts.sh': No such file or directory
find: './unittests/fixtures/frontend/web-base/check_blacklist.sh': No such file or directory
find: './unittests/fixtures/frontend/web-base/check_proxy.sh': No such file or directory
find: './unittests/fixtures/frontend/web-base/check_wn_drainstate.sh': No such file or directory
find: './unittests/fixtures/frontend/web-base/collector_setup.sh': No such file or directory
find: './unittests/fixtures/frontend/web-base/condor_config': No such file or directory
find: './unittests/fixtures/frontend/web-base/condor_config.check.include': No such file or directory
find: './unittests/fixtures/frontend/web-base/condor_config.dedicated_starter.include': No such file or directory
find: './unittests/fixtures/frontend/web-base/condor_config.monitor.include': No such file or directory
find: './unittests/fixtures/frontend/web-base/condor_config.multi_schedd.include': No such file or directory
find: './unittests/fixtures/frontend/web-base/condor_platform_select.sh': No such file or directory
find: './unittests/fixtures/frontend/web-base/condor_startup.sh': No such file or directory
find: './unittests/fixtures/frontend/web-base/condor_vars.lst': No such file or directory
find: './unittests/fixtures/frontend/web-base/condor_vars.lst.entry': No such file or directory
find: './unittests/fixtures/frontend/web-base/create_mapfile.sh': No such file or directory
find: './unittests/fixtures/frontend/web-base/create_temp_mapfile.sh': No such file or directory
find: './unittests/fixtures/frontend/web-base/error_augment.sh': No such file or directory
find: './unittests/fixtures/frontend/web-base/error_gen.sh': No such file or directory
find: './unittests/fixtures/frontend/web-base/factory': No such file or directory
find: './unittests/fixtures/frontend/web-base/factoryCompletedStats.html': No such file or directory
find: './unittests/fixtures/frontend/web-base/factoryEntryStatusNow.html': No such file or directory
find: './unittests/fixtures/frontend/web-base/factoryFrontendMonitorLink.html': No such file or directory
find: './unittests/fixtures/frontend/web-base/factoryLogStatus.html': No such file or directory
find: './unittests/fixtures/frontend/web-base/factoryRRDBrowse.html': No such file or directory
find: './unittests/fixtures/frontend/web-base/factoryRRDEntryMatrix.html': No such file or directory
find: './unittests/fixtures/frontend/web-base/factoryStatus.html': No such file or directory
find: './unittests/fixtures/frontend/web-base/factoryStatusNow.html': No such file or directory
find: './unittests/fixtures/frontend/web-base/factory_support.js': No such file or directory
find: './unittests/fixtures/frontend/web-base/frontend/images/frontendGroupGraphsNow.small.png': No such file or directory
find: './unittests/fixtures/frontend/web-base/frontend/images/frontendRRDBrowse.small.png': No such file or directory
find: './unittests/fixtures/frontend/web-base/frontend/images/frontendRRDGroupMatix.small.png': No such file or directory
find: './unittests/fixtures/frontend/web-base/frontend/images/frontendStatus.small.png': No such file or directory
find: './unittests/fixtures/frontend/web-base/frontend/index.html': No such file or directory
find: './unittests/fixtures/frontend/web-base/frontendGroupGraphStatusNow.html': No such file or directory
find: './unittests/fixtures/frontend/web-base/frontendRRDBrowse.html': No such file or directory
find: './unittests/fixtures/frontend/web-base/frontendRRDGroupMatrix.html': No such file or directory
find: './unittests/fixtures/frontend/web-base/frontendStatus.html': No such file or directory
find: './unittests/fixtures/frontend/web-base/frontendStatusNow.html': No such file or directory
find: './unittests/fixtures/frontend/web-base/frontend_proxy': No such file or directory
find: './unittests/fixtures/frontend/web-base/frontend_support.js': No such file or directory
find: './unittests/fixtures/frontend/web-base/gcb_setup.sh': No such file or directory
find: './unittests/fixtures/frontend/web-base/glexec_setup.sh': No such file or directory
find: './unittests/fixtures/frontend/web-base/glidein_cpus_setup.sh': No such file or directory
find: './unittests/fixtures/frontend/web-base/glidein_lib.sh': No such file or directory
find: './unittests/fixtures/frontend/web-base/glidein_memory_setup.sh': No such file or directory
find: './unittests/fixtures/frontend/web-base/glidein_sitewms_setup.sh': No such file or directory
find: './unittests/fixtures/frontend/web-base/glidein_startup.sh': No such file or directory
find: './unittests/fixtures/frontend/web-base/java_setup.sh': No such file or directory
find: './unittests/fixtures/frontend/web-base/local_start.sh': No such file or directory
find: './unittests/fixtures/frontend/web-base/mjf_setparams.sh': No such file or directory
find: './unittests/fixtures/frontend/web-base/nodes.blacklist': No such file or directory
find: './unittests/fixtures/frontend/web-base/parse_starterlog.awk': No such file or directory
find: './unittests/fixtures/frontend/web-base/script_wrapper.sh': No such file or directory
find: './unittests/fixtures/frontend/web-base/setup_network.sh': No such file or directory
find: './unittests/fixtures/frontend/web-base/setup_script.sh': No such file or directory
find: './unittests/fixtures/frontend/web-base/setup_x509.sh': No such file or directory
find: './unittests/fixtures/frontend/web-base/singularity_lib.sh': No such file or directory
find: './unittests/fixtures/frontend/web-base/singularity_setup.sh': No such file or directory
find: './unittests/fixtures/frontend/web-base/smart_partitionable.sh': No such file or directory
find: './unittests/fixtures/frontend/web-base/update_proxy.py': No such file or directory
find: './unittests/fixtures/frontend/web-base/update_proxy.pyc': No such file or directory
find: './unittests/fixtures/frontend/web-base/update_proxy.pyo': No such file or directory
find: './unittests/fixtures/frontend/web-base/validate_node.sh': No such file or directory
find: './unittests/fixtures/frontend/web-base/vo_proxy': No such file or directory
find: './unittests/fixtures/javascriptrrd/flot/.gitkeep': No such file or directory
find: './unittests/fixtures/javascriptrrd/js/.gitkeep': No such file or directory
find: './unittests/fixtures/javascriptrrd/js/javascriptrrd.wlibs.js': No such file or directory
find: './unittests/test_creation_lib_cgWParamDict.py': No such file or directory
find: './unittests/test_creation_lib_cvWCreate.py': No such file or directory
find: './unittests/test_creation_lib_cvWParamDict.py': No such file or directory
find: './unittests/test_frontend_glideinFrontendConfig.py': No such file or directory
find: './unittests/test_frontend_glideinFrontendElement.py': No such file or directory
find: './unittests/test_util.py': No such file or directory

There are 2 files that need to be refactored
ERROR: Futurize CRASHED while analyzing branch LOCAL
More than 2 files may need to be refactored


Complete with branch LOCAL (ec:301)


Logs are in /test_dir/output/master_ci/futurize

-----------------------
Futurize Tests Complete - Failed
-----------------------
